Determining if the pthread_create exist failed with the following output:
Change Dir: /home/tony-yan/canboard/build/CMakeFiles/CMakeTmp

Run Build Command:"/usr/bin/make" "cmTC_6eedb/fast"
/usr/bin/make -f CMakeFiles/cmTC_6eedb.dir/build.make CMakeFiles/cmTC_6eedb.dir/build
make[1]: Entering directory '/home/tony-yan/canboard/build/CMakeFiles/CMakeTmp'
Building C object CMakeFiles/cmTC_6eedb.dir/CheckSymbolExists.c.o
/usr/bin/cc     -o CMakeFiles/cmTC_6eedb.dir/CheckSymbolExists.c.o   -c /home/tony-yan/canboard/build/CMakeFiles/CMakeTmp/CheckSymbolExists.c
Linking C executable cmTC_6eedb
/usr/local/bin/cmake -E cmake_link_script CMakeFiles/cmTC_6eedb.dir/link.txt --verbose=1
/usr/bin/cc       CMakeFiles/cmTC_6eedb.dir/CheckSymbolExists.c.o  -o cmTC_6eedb -rdynamic 
CMakeFiles/cmTC_6eedb.dir/CheckSymbolExists.c.o: In function `main':
CheckSymbolExists.c:(.text+0x16): undefined reference to `pthread_create'
collect2: error: ld returned 1 exit status
CMakeFiles/cmTC_6eedb.dir/build.make:97: recipe for target 'cmTC_6eedb' failed
make[1]: *** [cmTC_6eedb] Error 1
make[1]: Leaving directory '/home/tony-yan/canboard/build/CMakeFiles/CMakeTmp'
Makefile:126: recipe for target 'cmTC_6eedb/fast' failed
make: *** [cmTC_6eedb/fast] Error 2

File /home/tony-yan/canboard/build/CMakeFiles/CMakeTmp/CheckSymbolExists.c:
/* */
#include <pthread.h>

int main(int argc, char** argv)
{
  (void)argv;
#ifndef pthread_create
  return ((int*)(&pthread_create))[argc];
#else
  (void)argc;
  return 0;
#endif
}

Determining if the function pthread_create exists in the pthreads failed with the following output:
Change Dir: /home/tony-yan/canboard/build/CMakeFiles/CMakeTmp

Run Build Command:"/usr/bin/make" "cmTC_74287/fast"
/usr/bin/make -f CMakeFiles/cmTC_74287.dir/build.make CMakeFiles/cmTC_74287.dir/build
make[1]: Entering directory '/home/tony-yan/canboard/build/CMakeFiles/CMakeTmp'
Building C object CMakeFiles/cmTC_74287.dir/CheckFunctionExists.c.o
/usr/bin/cc    -DCHECK_FUNCTION_EXISTS=pthread_create   -o CMakeFiles/cmTC_74287.dir/CheckFunctionExists.c.o   -c /usr/local/share/cmake-3.7/Modules/CheckFunctionExists.c
Linking C executable cmTC_74287
/usr/local/bin/cmake -E cmake_link_script CMakeFiles/cmTC_74287.dir/link.txt --verbose=1
/usr/bin/cc   -DCHECK_FUNCTION_EXISTS=pthread_create    CMakeFiles/cmTC_74287.dir/CheckFunctionExists.c.o  -o cmTC_74287 -rdynamic -lpthreads 
/usr/bin/ld: cannot find -lpthreads
collect2: error: ld returned 1 exit status
CMakeFiles/cmTC_74287.dir/build.make:97: recipe for target 'cmTC_74287' failed
make[1]: *** [cmTC_74287] Error 1
make[1]: Leaving directory '/home/tony-yan/canboard/build/CMakeFiles/CMakeTmp'
Makefile:126: recipe for target 'cmTC_74287/fast' failed
make: *** [cmTC_74287/fast] Error 2


